app/build/outputs/mapping/release/seeds.txt
com.google.mlkit.vision.demo.GraphicOverlay: GraphicOverlay(android.content.Context,android.util.AttributeSet)
com.google.mlkit.vision.demo.kotlin.CameraXLivePreviewActivity
com.google.mlkit.vision.demo.kotlin.labeldetector.FocusView
com.google.mlkit.vision.demo.CameraXViewModel
com.google.mlkit.vision.demo.CameraSourcePreview
com.google.mlkit.vision.demo.preference.SettingsActivity: SettingsActivity()
com.google.mlkit.vision.demo.kotlin.labeldetector.FocusView: FocusView(android.content.Context,android.util.AttributeSet)
com.google.mlkit.vision.demo.CameraSourcePreview: CameraSourcePreview(android.content.Context,android.util.AttributeSet)
com.google.mlkit.vision.demo.preference.SettingsActivity
com.google.mlkit.vision.demo.CameraXViewModel: CameraXViewModel(android.app.Application)
com.google.mlkit.vision.demo.preference.SettingsActivity$LaunchSource: com.google.mlkit.vision.demo.preference.SettingsActivity$LaunchSource[] values()
com.google.mlkit.vision.demo.GraphicOverlay
com.google.mlkit.vision.demo.preference.SettingsActivity$LaunchSource: com.google.mlkit.vision.demo.preference.SettingsActivity$LaunchSource valueOf(java.lang.String)
com.google.mlkit.vision.demo.GraphicOverlay: int getImageHeight()
com.google.mlkit.vision.demo.kotlin.LivePreviewActivity: LivePreviewActivity()
com.google.mlkit.vision.demo.kotlin.CameraXLivePreviewActivity: CameraXLivePreviewActivity()
com.google.mlkit.vision.demo.kotlin.LivePreviewActivity
com.google.mlkit.vision.demo.GraphicOverlay: int getImageWidth()
...
okhttp3.TlsVersion: okhttp3.TlsVersion[] values()
com.google.android.gms.internal.mlkit_vision_label_custom.zzcz: com.google.android.gms.internal.mlkit_vision_label_custom.zzwu zzm
com.google.android.gms.internal.mlkit_vision_internal_vkp.zzadn: com.google.android.gms.internal.mlkit_vision_internal_vkp.zzagq zzn
com.google.android.gms.internal.mlkit_vision_label_custom.zzaap: int zze
com.google.android.gms.internal.mlkit_vision_internal_vkp.zzbi: com.google.android.gms.internal.mlkit_vision_internal_vkp.zzkn zzh
com.google.android.gms.internal.mlkit_vision_label_custom.zzjm: int zzf
com.google.android.libraries.barhopper.Barcode$WiFi
com.google.android.gms.internal.mlkit_vision_internal_vkp.zzapu: com.google.android.gms.internal.mlkit_vision_internal_vkp.zzaao zzk
com.google.android.gms.internal.mlkit_vision_label_custom.zzgx: boolean zzj
com.google.android.libraries.vision.visionkit.pipeline.NativePipelineImpl: void onReleaseAtTimestampUs(long)
com.google.android.gms.internal.mlkit_vision_pose_common.zzbo: int zzb
com.google.android.gms.internal.mlkit_vision_internal_vkp.zzaty: java.lang.String zzh
com.google.android.gms.internal.mlkit_vision_internal_vkp.zzasz: com.google.android.gms.internal.mlkit_vision_internal_vkp.zzasz zzh
com.google.android.gms.internal.mlkit_vision_internal_vkp.zzfb: float zzi
com.google.android.gms.internal.mlkit_vision_pose_common.zzge: int zzk
com.google.android.gms.internal.mlkit_vision_label_custom.zzit: com.google.android.gms.internal.mlkit_vision_label_custom.zzgv zzg
com.google.android.gms.internal.mlkit_vision_label_custom.zzjv: long zzg
com.google.android.gms.internal.mlkit_vision_pose_common.zzhi: boolean zzh
com.google.android.gms.internal.mlkit_vision_internal_vkp.zzsq: int zzf
com.google.android.gms.internal.mlkit_vision_segmentation_bundled.zzdy: com.google.android.gms.internal.mlkit_vision_segmentation_bundled.zzdq zzf
androidx.appcompat.widget.Toolbar: int getCurrentContentInsetEnd()
com.google.android.gms.internal.mlkit_vision_label_custom.zzde: com.google.android.gms.internal.mlkit_vision_label_custom.zzde zzh
com.google.android.gms.internal.mlkit_vision_label_custom.zzkh: com.google.android.gms.internal.mlkit_vision_label_custom.zzgx zze
com.google.android.gms.internal.mlkit_vision_internal_vkp.zzaty: com.google.android.gms.internal.mlkit_vision_internal_vkp.zzaua zzg
com.google.android.gms.internal.mlkit_vision_pose_common.zzhf: java.lang.String zze
com.google.android.gms.internal.mlkit_vision_label_custom.zzgq: com.google.android.gms.internal.mlkit_vision_label_custom.zzeu zzE
androidx.appcompat.widget.AppCompatTextView: int getFirstBaselineToTopHeight()
com.google.android.gms.internal.mlkit_vision_internal_vkp.zzwe: com.google.android.gms.internal.mlkit_vision_internal_vkp.zzwe zzh
com.google.android.gms.internal.mlkit_vision_pose_common.zzio: int zzb
okhttp3.HttpUrl$Builder$ParseResult: okhttp3.HttpUrl$Builder$ParseResult valueOf(java.lang.String)
com.google.android.gms.internal.mlkit_vision_segmentation_bundled.zzee
com.google.android.gms.internal.mlkit_vision_pose_common.zzrq: int zzb
com.google.android.gms.internal.mlkit_vision_internal_vkp.zzbf: float zzm
com.google.android.gms.vision.face.FaceDetectorV2Jni: byte[] detectFacesImageByteBufferJni(long,java.nio.ByteBuffer,byte[])
com.google.android.gms.internal.mlkit_vision_internal_vkp.zzaxj: int zzb
com.google.android.gms.internal.mlkit_vision_pose_common.zzcw: com.google.android.gms.internal.mlkit_vision_pose_common.zzcw zzi
com.google.android.gms.internal.mlkit_vision_internal_vkp.zzbu: com.google.android.gms.internal.mlkit_vision_internal_vkp.zzbu zzi
com.google.android.gms.internal.mlkit_vision_internal_vkp.zzcf: java.lang.String zze
com.google.android.gms.phenotype.ExperimentTokens: android.os.Parcelable$Creator CREATOR
com.google.android.gms.internal.mlkit_vision_internal_vkp.zzavs: float zzn
com.google.android.gms.internal.mlkit_vision_internal_vkp.zzace