app/build/outputs/mapping/release/mapping.txt
# compiler: R8
# compiler_version: 2.1.75
# min_api: 16
# pg_map_id: f5e495e
# common_typos_disable
com.google.mlkit.vision.demo.-$$Lambda$CameraXViewModel$sBBc2dTXuCf6dj_SpKQjKKNXIRc -> com.google.mlkit.vision.demo.a:
    com.google.mlkit.vision.demo.CameraXViewModel f$0 -> b
    com.google.common.util.concurrent.ListenableFuture f$1 -> c
com.google.mlkit.vision.demo.-$$Lambda$GraphicOverlay$yBr5SAOGGutsB1HtBTmDsJ51qbk -> com.google.mlkit.vision.demo.b:
    com.google.mlkit.vision.demo.GraphicOverlay f$0 -> a
com.google.mlkit.vision.demo.-$$Lambda$ScopedExecutor$lkNgwdrb7pP5DHNgQbq5L9WrP-g -> com.google.mlkit.vision.demo.c:
    java.lang.Runnable f$1 -> c
    com.google.mlkit.vision.demo.ScopedExecutor f$0 -> b
com.google.mlkit.vision.demo.BitmapUtils -> com.google.mlkit.vision.demo.d:
    boolean areUVPlanesNV21(android.media.Image$Plane[],int,int) -> a
    android.graphics.Bitmap getBitmap(androidx.camera.core.ImageProxy) -> b
    android.graphics.Bitmap getBitmap(java.nio.ByteBuffer,com.google.mlkit.vision.demo.FrameMetadata) -> c
    android.graphics.Bitmap rotateBitmap(android.graphics.Bitmap,int,boolean,boolean) -> d
    void unpackPlane(android.media.Image$Plane,int,int,byte[],int,int) -> e
    java.nio.ByteBuffer yuv420ThreePlanesToNV21(android.media.Image$Plane[],int,int) -> f
com.google.mlkit.vision.demo.CameraImageGraphic -> com.google.mlkit.vision.demo.e:
    android.graphics.Bitmap bitmap -> b
    void draw(android.graphics.Canvas) -> a
com.google.mlkit.vision.demo.CameraSource -> com.google.mlkit.vision.demo.f:
    java.lang.Object processorLock -> j
    com.google.mlkit.vision.demo.GraphicOverlay graphicOverlay -> g
    java.util.IdentityHashMap bytesToByteBuffer -> l
    android.hardware.Camera camera -> b
    com.google.mlkit.vision.demo.CameraSource$FrameProcessingRunnable processingRunnable -> i
    int rotationDegrees -> d
    com.google.mlkit.vision.demo.VisionImageProcessor frameProcessor -> k
    android.app.Activity activity -> a
    int facing -> c
    com.google.android.gms.common.images.Size previewSize -> e
    android.graphics.SurfaceTexture dummySurfaceTexture -> f
    java.lang.Thread processingThread -> h
    com.google.mlkit.vision.demo.CameraSource$FrameProcessingRunnable access$100(com.google.mlkit.vision.demo.CameraSource) -> a
    java.util.IdentityHashMap access$200(com.google.mlkit.vision.demo.CameraSource) -> b
    java.lang.Object access$300(com.google.mlkit.vision.demo.CameraSource) -> c
    int access$400(com.google.mlkit.vision.demo.CameraSource) -> d
    com.google.android.gms.common.images.Size access$500(com.google.mlkit.vision.demo.CameraSource) -> e
    com.google.mlkit.vision.demo.GraphicOverlay access$600(com.google.mlkit.vision.demo.CameraSource) -> f
    com.google.mlkit.vision.demo.VisionImageProcessor access$700(com.google.mlkit.vision.demo.CameraSource) -> g
    android.hardware.Camera access$800(com.google.mlkit.vision.demo.CameraSource) -> h
com.google.mlkit.vision.demo.CameraSource$1 -> com.google.mlkit.vision.demo.f$a:
com.google.mlkit.vision.demo.CameraSource$CameraPreviewCallback -> com.google.mlkit.vision.demo.f$b:
    com.google.mlkit.vision.demo.CameraSource this$0 -> a
com.google.mlkit.vision.demo.CameraSource$FrameProcessingRunnable -> com.google.mlkit.vision.demo.f$c:
    java.lang.Object lock -> b
    java.nio.ByteBuffer pendingFrameData -> d
    com.google.mlkit.vision.demo.CameraSource this$0 -> e
    boolean active -> c
    void setActive(boolean) -> a
    void setNextFrame(byte[],android.hardware.Camera) -> b
com.google.mlkit.vision.demo.CameraSource$SizePair -> com.google.mlkit.vision.demo.f$d:
    com.google.android.gms.common.images.Size preview -> a
    com.google.android.gms.common.images.Size picture -> b
...
com.google.android.gms.internal.mlkit_vision_internal_vkp.zzf -> c.a.a.b.d.j.er:
    com.google.android.gms.internal.mlkit_vision_internal_vkp.zzf zza() -> B
    java.lang.Object zzb(int,java.lang.Object,java.lang.Object) -> y
com.google.android.gms.internal.mlkit_vision_internal_vkp.zzfa -> c.a.a.b.d.j.fr:
com.google.android.gms.internal.mlkit_vision_internal_vkp.zzfb -> c.a.a.b.d.j.gr:
    com.google.android.gms.internal.mlkit_vision_internal_vkp.zzfb zza() -> B
    java.lang.Object zzb(int,java.lang.Object,java.lang.Object) -> y
com.google.android.gms.internal.mlkit_vision_internal_vkp.zzfc -> c.a.a.b.d.j.hr:
com.google.android.gms.internal.mlkit_vision_internal_vkp.zzfd -> c.a.a.b.d.j.ir:
com.google.android.gms.internal.mlkit_vision_internal_vkp.zzfe -> c.a.a.b.d.j.jr:
    com.google.android.gms.internal.mlkit_vision_internal_vkp.zzfe zza() -> B
    java.lang.Object zzb(int,java.lang.Object,java.lang.Object) -> y
com.google.android.gms.internal.mlkit_vision_internal_vkp.zzff -> c.a.a.b.d.j.kr:
com.google.android.gms.internal.mlkit_vision_internal_vkp.zzfg -> c.a.a.b.d.j.lr:
com.google.android.gms.internal.mlkit_vision_internal_vkp.zzfh -> c.a.a.b.d.j.mr:
    com.google.android.gms.internal.mlkit_vision_internal_vkp.zzfh zza() -> B
    java.lang.Object zzb(int,java.lang.Object,java.lang.Object) -> y
com.google.android.gms.internal.mlkit_vision_internal_vkp.zzfi -> c.a.a.b.d.j.nr:
com.google.android.gms.internal.mlkit_vision_internal_vkp.zzfj -> c.a.a.b.d.j.or:
com.google.android.gms.internal.mlkit_vision_internal_vkp.zzfk -> c.a.a.b.d.j.pr:
    com.google.android.gms.internal.mlkit_vision_internal_vkp.zzfk zza() -> B
    java.lang.Object zzb(int,java.lang.Object,java.lang.Object) -> y
com.google.android.gms.internal.mlkit_vision_internal_vkp.zzfl -> c.a.a.b.d.j.qr:
com.google.android.gms.internal.mlkit_vision_internal_vkp.zzfm -> c.a.a.b.d.j.rr:
com.google.android.gms.internal.mlkit_vision_internal_vkp.zzfn -> c.a.a.b.d.j.sr:
    com.google.android.gms.internal.mlkit_vision_internal_vkp.zzfn zza() -> B
    java.lang.Object zzb(int,java.lang.Object,java.lang.Object) -> y
com.google.android.gms.internal.mlkit_vision_internal_vkp.zzfo -> c.a.a.b.d.j.tr:
com.google.android.gms.internal.mlkit_vision_internal_vkp.zzfp -> c.a.a.b.d.j.ur:
com.google.android.gms.internal.mlkit_vision_internal_vkp.zzfq -> c.a.a.b.d.j.vr:
    com.google.android.gms.internal.mlkit_vision_internal_vkp.zzfq zza() -> B
    java.lang.Object zzb(int,java.lang.Object,java.lang.Object) -> y
com.google.android.gms.internal.mlkit_vision_internal_vkp.zzfr -> c.a.a.b.d.j.wr:
com.google.android.gms.internal.mlkit_vision_internal_vkp.zzfs -> c.a.a.b.d.j.xr:
com.google.android.gms.internal.mlkit_vision_internal_vkp.zzft -> c.a.a.b.d.j.yr:
    com.google.android.gms.internal.mlkit_vision_internal_vkp.zzft zza() -> B
    java.lang.Object zzb(int,java.lang.Object,java.lang.Object) -> y
com.google.android.gms.internal.mlkit_vision_internal_vkp.zzfu -> c.a.a.b.d.j.zr:
com.google.android.gms.internal.mlkit_vision_internal_vkp.zzfv -> c.a.a.b.d.j.as:
com.google.android.gms.internal.mlkit_vision_internal_vkp.zzfw -> c.a.a.b.d.j.bs:
    com.google.android.gms.internal.mlkit_vision_internal_vkp.zzfw zza() -> B
    java.lang.Object zzb(int,java.lang.Object,java.lang.Object) -> y
com.google.android.gms.internal.mlkit_vision_internal_vkp.zzfx -> c.a.a.b.d.j.cs:
com.google.android.gms.internal.mlkit_vision_internal_vkp.zzfy -> c.a.a.b.d.j.ds:
com.google.android.gms.internal.mlkit_vision_internal_vkp.zzfz -> c.a.a.b.d.j.es:
    com.google.android.gms.internal.mlkit_vision_internal_vkp.zzfz zza() -> B
    java.lang.Object zzb(int,java.lang.Object,java.lang.Object) -> y
com.google.android.gms.internal.mlkit_vision_internal_vkp.zzg -> c.a.a.b.d.j.fs:
    android.content.Context zza -> a
com.google.android.gms.internal.mlkit_vision_internal_vkp.zzga -> c.a.a.b.d.j.gs:
com.google.android.gms.internal.mlkit_vision_internal_vkp.zzgb -> c.a.a.b.d.j.hs: