app/build/outputs/mapping/release/usage.txt
com.google.mlkit.vision.demo.kotlin.labeldetector.LabelGraphic:
    private static final float TEXT_SIZE
    private static final java.lang.String LABEL_FORMAT
    private static final java.lang.String WEAR_MASK
    private static final java.lang.String AUTHORIZED
    private static final java.lang.String MASKED
    private static final java.lang.String NOT_MASKED
    private static final java.lang.String HALF_MASKED
com.google.mlkit.vision.demo.R
com.google.mlkit.vision.demo.kotlin.TaskExtKt:
    public static final com.google.android.gms.tasks.Task addOnCompleteListener(com.google.android.gms.tasks.Task,java.util.concurrent.Executor,kotlin.jvm.functions.Function1)
    public static final com.google.android.gms.tasks.Task addOnCanceledListener(com.google.android.gms.tasks.Task,java.util.concurrent.Executor,kotlin.jvm.functions.Function0)
com.google.mlkit.vision.demo.BuildConfig
com.google.mlkit.vision.demo.kotlin.CameraXLivePreviewActivity$Companion:
    private final boolean isPermissionGranted(android.content.Context,java.lang.String)
com.google.mlkit.vision.demo.kotlin.labeldetector.LabelDetectorProcessor:
    private static final java.lang.String TAG
com.google.mlkit.vision.demo.preference.PreferenceUtils:
    public static com.google.mlkit.vision.objects.defaults.ObjectDetectorOptions getObjectDetectorOptionsForStillImage(android.content.Context)
    public static com.google.mlkit.vision.objects.defaults.ObjectDetectorOptions getObjectDetectorOptionsForLivePreview(android.content.Context)
    private static com.google.mlkit.vision.objects.defaults.ObjectDetectorOptions getObjectDetectorOptions(android.content.Context,int,int,int)
    public static com.google.mlkit.vision.objects.custom.CustomObjectDetectorOptions getCustomObjectDetectorOptionsForStillImage(android.content.Context,com.google.mlkit.common.model.LocalModel)
    public static com.google.mlkit.vision.objects.custom.CustomObjectDetectorOptions getCustomObjectDetectorOptionsForLivePreview(android.content.Context,com.google.mlkit.common.model.LocalModel)
    private static com.google.mlkit.vision.objects.custom.CustomObjectDetectorOptions getCustomObjectDetectorOptions(android.content.Context,com.google.mlkit.common.model.LocalModel,int,int,int)
    public static com.google.mlkit.vision.face.FaceDetectorOptions getFaceDetectorOptionsForLivePreview(android.content.Context)
    public static com.google.mlkit.vision.pose.PoseDetectorOptionsBase getPoseDetectorOptionsForLivePreview(android.content.Context)
    public static com.google.mlkit.vision.pose.PoseDetectorOptionsBase getPoseDetectorOptionsForStillImage(android.content.Context)
com.google.mlkit.vision.demo.CameraSourcePreview:
    public void release()
    private static final java.lang.String TAG
com.google.mlkit.vision.demo.R$array
com.google.mlkit.vision.demo.GraphicOverlay$Graphic:
    public float scale(float)
    public android.content.Context getApplicationContext()
    public boolean isImageFlipped()
    public float translateX(float)
    public float translateY(float)
com.google.mlkit.vision.demo.kotlin.TaskExtKt$sam$com_google_android_gms_tasks_OnCanceledListener$0
com.google.mlkit.vision.demo.R$dimen
com.google.mlkit.vision.demo.R$interpolator
com.google.mlkit.vision.demo.R$style
com.google.mlkit.vision.demo.R$xml
com.google.mlkit.vision.demo.kotlin.labeldetector.FocusView:
    public void <init>(android.content.Context)
    public android.view.View _$_findCachedViewById(int)
    public void _$_clearFindViewByIdCache()
    private java.util.HashMap _$_findViewCache
com.google.mlkit.vision.demo.R$anim
com.google.mlkit.vision.demo.R$drawable
com.google.mlkit.vision.demo.InferenceInfoGraphic:
    public void <init>(com.google.mlkit.vision.demo.GraphicOverlay)
    private static final int TEXT_COLOR
    private static final float TEXT_SIZE
...
com.google.android.gms.internal.mlkit_vision_barcode_bundled.zzca
com.google.android.gms.common.api.internal.RegistrationMethods
com.google.mlkit.common.sdkinternal.OptionalModuleUtils:
    private void <init>()
    public static boolean areAllRequiredModulesAvailable(android.content.Context,java.util.List)
    public static final java.lang.String DEPRECATED_DYNAMITE_MODULE_ID
    public static final java.lang.String TFLITE_DYNAMITE_MODULE_ID
    public static final java.lang.String NLCLASSIFIER_MODULE_ID
    public static final java.lang.String BARCODE
    public static final java.lang.String CUSTOM_ICA
    public static final java.lang.String FACE
    public static final java.lang.String ICA
    public static final java.lang.String OCR
    public static final java.lang.String LANGID
    public static final java.lang.String NLCLASSIFIER
    public static final java.lang.String TFLITE_DYNAMITE
com.google.android.gms.internal.mlkit_vision_label_bundled.zzag:
    void <init>()
kotlin.collections.CollectionsKt___CollectionsKt$asSequence$$inlined$Sequence$1
androidx.core.graphics.TypefaceCompatApi24Impl:
    private static final java.lang.String TAG
    private static final java.lang.String FONT_FAMILY_CLASS
    private static final java.lang.String ADD_FONT_WEIGHT_STYLE_METHOD
    private static final java.lang.String CREATE_FROM_FAMILIES_WITH_DEFAULT_METHOD
com.google.common.base.CharMatcher$JavaLetterOrDigit
com.google.android.gms.internal.mlkit_vision_segmentation_bundled.zzla:
    private void <init>()
kotlin.collections.unsigned.UArraysKt___UArraysKt
androidx.camera.camera2.internal.CameraDeviceStateCallbacks:
    private void <init>()
    public static varargs android.hardware.camera2.CameraDevice$StateCallback createComboCallback(android.hardware.camera2.CameraDevice$StateCallback[])
kotlin.reflect.KCallable$DefaultImpls
kotlin.NoWhenBranchMatchedException
com.google.common.collect.Sets
okhttp3.Cookie:
    private void <init>(okhttp3.Cookie$Builder)
    private static boolean pathMatch(okhttp3.HttpUrl,java.lang.String)
    synthetic void <init>(okhttp3.Cookie$Builder,okhttp3.Cookie$1)
    public boolean persistent()
    public long expiresAt()
    public boolean hostOnly()
    public java.lang.String domain()
    public java.lang.String path()
    public boolean httpOnly()
    public boolean secure()
    public boolean matches(okhttp3.HttpUrl)
com.google.common.collect.Multimaps$MapMultimap
com.google.mlkit.vision.segmentation.selfie.SelfieSegmenterOptions$Builder:
    public com.google.mlkit.vision.segmentation.selfie.SelfieSegmenterOptions$Builder setDetectorMode(int)
    public com.google.mlkit.vision.segmentation.selfie.SelfieSegmenterOptions$Builder setStreamModeSmoothingRatio(float)
    public com.google.mlkit.vision.segmentation.selfie.SelfieSegmenterOptions$Builder enableRawSizeMask()
    public com.google.mlkit.vision.segmentation.selfie.SelfieSegmenterOptions$Builder setExecutor(java.util.concurrent.Executor)
androidx.camera.camera2.internal.compat.CameraCaptureSessionCompatBaseImpl:
    public int captureSingleRequest(android.hardware.camera2.CaptureRequest,java.util.concurrent.Executor,android.hardware.camera2.CameraCaptureSession$CaptureCallback)
    public int setRepeatingBurstRequests(java.util.List,java.util.concurrent.Executor,android.hardware.camera2.CameraCaptureSession$CaptureCallback)
com.google.common.collect.Multimaps$UnmodifiableListMultimap
com.google.common.util.concurrent.TimeoutFuture
com.google.android.gms.common.internal.BinderWrapper
com.google.android.datatransport.runtime.dagger.internal.DoubleCheck:
    public static com.google.android.datatransport.runtime.dagger.Lazy lazy(javax.inject.Provider)
com.google.common.graph.UndirectedGraphConnections
com.google.android.gms.internal.clearcut.zzgv
com.google.android.gms.signin.zae:
    public abstract void zab(com.google.android.gms.common.internal.IAccountAccessor,boolean)
    public abstract void zac()